<?xml version="1.0" encoding="UTF-8"?>
<testng-results skipped="0" failed="0" ignored="0" total="1" passed="1">
  <reporter-output>
  </reporter-output>
  <suite name="Default suite" duration-ms="5970" started-at="2019-03-31T04:52:52Z" finished-at="2019-03-31T04:52:58Z">
    <groups>
    </groups>
    <test name="Default test" duration-ms="5970" started-at="2019-03-31T04:52:52Z" finished-at="2019-03-31T04:52:58Z">
      <class name="interview.sampleProject.TestWebApplication">
        <test-method status="PASS" signature="setUp()[pri:0, instance:interview.sampleProject.TestWebApplication@523884b2]" name="setUp" is-config="true" duration-ms="5954" started-at="2019-03-31T04:52:52Z" finished-at="2019-03-31T04:52:58Z">
          <reporter-output>
          </reporter-output>
        </test-method> <!-- setUp -->
        <test-method status="PASS" signature="testWebApplication()[pri:0, instance:interview.sampleProject.TestWebApplication@523884b2]" name="testWebApplication" duration-ms="0" started-at="2019-03-31T04:52:58Z" finished-at="2019-03-31T04:52:58Z">
          <reporter-output>
          </reporter-output>
        </test-method> <!-- testWebApplication -->
      </class> <!-- interview.sampleProject.TestWebApplication -->
    </test> <!-- Default test -->
  </suite> <!-- Default suite -->
</testng-results>
