<?xml version="1.0" encoding="UTF-8"?>
<!-- Generated by org.testng.reporters.JUnitXMLReporter -->
<testsuite hostname="Tanbir" ignored="1" name="Default test" tests="1" failures="0" timestamp="01 Apr 2019 06:27:44 GMT" time="7.213" errors="0">
  <testcase name="testUserFilter" time="1.353" classname="interview.sampleProject.TestWebApplication"/>
  <testcase name="testCreateUser" time="0.0" classname="interview.sampleProject.TestWebApplication">
    <ignored/>
  </testcase> <!-- testCreateUser -->
</testsuite> <!-- Default test -->
